<?xml version='1.0' encoding='UTF-8'?>
<testsuite hostname="ubuntu-alex" name="es.weso.pschema.SparkTestSuite" tests="2" errors="0" failures="0" skipped="0" time="3.487" timestamp="2022-09-28T18:47:28">
          <properties>
[...]
</properties>
          <testcase classname="es.weso.pschema.SparkTestSuite" name="aliases a DataFrame" time="3.451">
                      
                    </testcase><testcase classname="es.weso.pschema.SparkTestSuite" name="simple test about RDD" time="0.036">
                      
                    </testcase>
          <system-out><![CDATA[]]></system-out>
          <system-err><![CDATA[]]></system-err>
        </testsuite>